mode: atomic
devops-info-service/main.go:73.29,76.14 3 1
devops-info-service/main.go:76.14,78.3 1 0
devops-info-service/main.go:79.2,87.3 1 1
devops-info-service/main.go:90.31,92.16 2 1
devops-info-service/main.go:92.16,94.3 1 0
devops-info-service/main.go:95.2,97.21 3 1
devops-info-service/main.go:97.21,99.46 2 5
devops-info-service/main.go:99.46,103.4 3 1
devops-info-service/main.go:105.2,105.11 1 0
devops-info-service/main.go:108.34,114.16 6 2
devops-info-service/main.go:114.16,116.3 1 0
devops-info-service/main.go:116.8,118.3 1 2
devops-info-service/main.go:119.2,119.20 1 2
devops-info-service/main.go:122.38,126.12 3 2
devops-info-service/main.go:126.12,128.3 1 0
devops-info-service/main.go:129.2,129.12 1 2
devops-info-service/main.go:129.12,131.3 1 0
devops-info-service/main.go:132.2,134.3 1 2
devops-info-service/main.go:137.29,139.2 1 4
devops-info-service/main.go:142.39,145.15 2 1
devops-info-service/main.go:145.15,149.3 2 0
devops-info-service/main.go:151.2,152.52 2 1
devops-info-service/main.go:152.52,154.3 1 1
devops-info-service/main.go:155.2,155.13 1 0
devops-info-service/main.go:160.64,161.54 1 0
devops-info-service/main.go:161.54,164.12 3 0
devops-info-service/main.go:164.12,166.4 1 0
devops-info-service/main.go:167.3,167.13 1 0
devops-info-service/main.go:172.58,194.44 6 1
devops-info-service/main.go:194.44,196.3 1 0
devops-info-service/main.go:200.60,211.2 5 1
devops-info-service/main.go:213.13,222.16 5 0
devops-info-service/main.go:222.16,224.3 1 0
devops-info-service/main.go:226.2,227.16 2 0
devops-info-service/main.go:227.16,229.3 1 0
devops-info-service/main.go:232.2,232.30 1 0
devops-info-service/main.go:232.30,235.3 2 0
devops-info-service/main.go:237.2,238.23 2 0
devops-info-service/main.go:238.23,240.3 1 0
devops-info-service/main.go:240.8,242.3 1 0
devops-info-service/main.go:244.2,245.55 2 0
devops-info-service/main.go:245.55,247.3 1 0
